<?xml version="1.0" encoding="UTF-8"?>
<!-- Generated by org.testng.reporters.JUnitReportReporter -->
<testsuite hostname="WL363801" failures="0" tests="3" name="testNG.TestDepWithFace" time="14.959" errors="0" timestamp="2020-04-07T13:18:25 CEST" skipped="0">
  <testcase classname="testNG.TestDepWithFace" name="invokeBrowser" time="7.699"/>
  <system-out/>
  <testcase classname="testNG.TestDepWithFace" name="searchCourse" time="7.047"/>
  <system-out/>
  <testcase classname="testNG.TestDepWithFace" name="getTitle" time="0.213"/>
  <system-out/>
</testsuite> <!-- testNG.TestDepWithFace -->
