<?xml version="1.0" encoding="UTF-8"?>
<!-- Generated by org.testng.reporters.JUnitReportReporter -->
<testsuite hostname="WL363801" failures="0" tests="1" name="testNG_pom.TestBase" time="0.011" errors="0" timestamp="2020-04-20T09:47:55 CEST" skipped="0">
  <testcase classname="testNG_pom.TestBase" name="f" time="0.011"/>
  <system-out/>
</testsuite> <!-- testNG_pom.TestBase -->
