<?xml version="1.0" encoding="UTF-8"?>
<!-- Generated by org.testng.reporters.JUnitReportReporter -->
<testsuite hostname="WL363801" failures="0" tests="3" name="testNG.TestAttributes" time="0.022" errors="0" timestamp="2020-04-07T13:14:26 CEST" skipped="0">
  <testcase classname="testNG.TestAttributes" name="b" time="0.016"/>
  <system-out/>
  <testcase classname="testNG.TestAttributes" name="f" time="0.004"/>
  <system-out/>
  <testcase classname="testNG.TestAttributes" name="a" time="0.002"/>
  <system-out/>
</testsuite> <!-- testNG.TestAttributes -->
