<?xml version="1.0" encoding="UTF-8"?>
<!-- Generated by org.testng.reporters.JUnitReportReporter -->
<testsuite hostname="WL363801" failures="0" tests="2" name="testNG.TestAnnotations" time="0.019" errors="0" timestamp="2020-04-07T13:18:25 CEST" skipped="0">
  <testcase classname="testNG.TestAnnotations" name="f3" time="0.008"/>
  <system-out/>
  <testcase classname="testNG.TestAnnotations" name="f1" time="0.011"/>
  <system-out/>
</testsuite> <!-- testNG.TestAnnotations -->
