<?xml version="1.0" encoding="UTF-8"?>
<!-- Generated by org.testng.reporters.JUnitReportReporter -->
<testsuite hostname="WL363801" failures="0" tests="1" name="testNG_pom.MainTest" time="4.309" errors="0" timestamp="2020-04-20T09:47:55 CEST" skipped="0">
  <testcase classname="testNG_pom.MainTest" name="f" time="4.309"/>
  <system-out/>
</testsuite> <!-- testNG_pom.MainTest -->
